<?xml version="1.0" encoding="UTF-8"?>
<testng-results skipped="0" failed="0" total="1" passed="1">
  <reporter-output>
  </reporter-output>
  <suite name="Suite One" duration-ms="18507" started-at="2015-06-24T18:13:58Z" finished-at="2015-06-24T18:14:16Z">
    <groups>
    </groups>
    <test name="Test One" duration-ms="18507" started-at="2015-06-24T18:13:58Z" finished-at="2015-06-24T18:14:16Z">
      <class name="Demo3Pro.NewTest">
        <test-method status="PASS" signature="myBefore()[pri:0, instance:Demo3Pro.NewTest@30c7da1e]" name="myBefore" is-config="true" duration-ms="6533" started-at="2015-06-24T23:43:51Z" finished-at="2015-06-24T23:43:58Z">
          <reporter-output>
          </reporter-output>
        </test-method> <!-- myBefore -->
        <test-method status="PASS" signature="driverDFTest()[pri:0, instance:Demo3Pro.NewTest@30c7da1e]" name="driverDFTest" duration-ms="18499" started-at="2015-06-24T23:43:58Z" finished-at="2015-06-24T23:44:16Z">
          <reporter-output>
          </reporter-output>
        </test-method> <!-- driverDFTest -->
        <test-method status="PASS" signature="myEndCode()[pri:0, instance:Demo3Pro.NewTest@30c7da1e]" name="myEndCode" is-config="true" duration-ms="33" started-at="2015-06-24T23:44:16Z" finished-at="2015-06-24T23:44:16Z">
          <reporter-output>
          </reporter-output>
        </test-method> <!-- myEndCode -->
      </class> <!-- Demo3Pro.NewTest -->
    </test> <!-- Test One -->
  </suite> <!-- Suite One -->
</testng-results>
